Compilación iniciada a las 15-01-2015 01:24:08 p.m..
     1>Proyecto "C:\Program Files\ARToolKit\lib\SRC\ARvrml\libarvrml.vcxproj" en el nodo 4 (build destinos).
     1>InitializeBuildStatus:
         Se creará "Release\libarvrml.unsuccessfulbuild" porque se especificó "AlwaysCreate".
       ClCompile:
         c:\Program Files (x86)\Microsoft Visual Studio 10.0\VC\bin\CL.exe /c /I"C:\Program Files\ARToolKit\lib\SRC\ARvrml\..\..\..\include" /I"C:\Program Files\ARToolKit\lib\SRC\ARvrml\..\..\..\OpenVRML\include" /I"C:\Program Files\ARToolKit\lib\SRC\ARvrml\..\..\..\OpenVRML\dependencies\include" /Zi /nologo /W3 /WX- /O2 /Oy- /D WIN32 /D NDEBUG /D _LIB /D _MBCS /Gm- /EHsc /MD /GS /fp:precise /Zc:wchar_t /Zc:forScope /Fo"Release\\" /Fd"Release\vc100.pdb" /Gd /TP /wd4099 /wd4290 /wd4800 /analyze- /errorReport:prompt "arViewer_openvrml-0.14.3.cpp" "arViewerCapi_openvrml-0.14.3.cpp"
         arViewer_openvrml-0.14.3.cpp
         arViewerCapi_openvrml-0.14.3.cpp
     1>arViewerCapi_openvrml-0.14.3.cpp(44): warning C4996: 'fopen': This function or variable may be unsafe. Consider using fopen_s instead. To disable deprecation, use _CRT_SECURE_NO_WARNINGS. See online help for details.
                 c:\Program Files (x86)\Microsoft Visual Studio 10.0\VC\include\stdio.h(234) : vea la declaración de 'fopen'
     1>arViewerCapi_openvrml-0.14.3.cpp(47): warning C4996: 'sscanf': This function or variable may be unsafe. Consider using sscanf_s instead. To disable deprecation, use _CRT_SECURE_NO_WARNINGS. See online help for details.
                 c:\Program Files (x86)\Microsoft Visual Studio 10.0\VC\include\stdio.h(325) : vea la declaración de 'sscanf'
     1>arViewerCapi_openvrml-0.14.3.cpp(53): warning C4996: 'sprintf': This function or variable may be unsafe. Consider using sprintf_s instead. To disable deprecation, use _CRT_SECURE_NO_WARNINGS. See online help for details.
                 c:\Program Files (x86)\Microsoft Visual Studio 10.0\VC\include\stdio.h(371) : vea la declaración de 'sprintf'
     1>arViewerCapi_openvrml-0.14.3.cpp(69): warning C4996: 'strcpy': This function or variable may be unsafe. Consider using strcpy_s instead. To disable deprecation, use _CRT_SECURE_NO_WARNINGS. See online help for details.
                 c:\Program Files (x86)\Microsoft Visual Studio 10.0\VC\include\string.h(105) : vea la declaración de 'strcpy'
     1>arViewerCapi_openvrml-0.14.3.cpp(73): warning C4996: 'sscanf': This function or variable may be unsafe. Consider using sscanf_s instead. To disable deprecation, use _CRT_SECURE_NO_WARNINGS. See online help for details.
                 c:\Program Files (x86)\Microsoft Visual Studio 10.0\VC\include\stdio.h(325) : vea la declaración de 'sscanf'
     1>arViewerCapi_openvrml-0.14.3.cpp(82): warning C4996: 'sscanf': This function or variable may be unsafe. Consider using sscanf_s instead. To disable deprecation, use _CRT_SECURE_NO_WARNINGS. See online help for details.
                 c:\Program Files (x86)\Microsoft Visual Studio 10.0\VC\include\stdio.h(325) : vea la declaración de 'sscanf'
     1>arViewerCapi_openvrml-0.14.3.cpp(91): warning C4996: 'sscanf': This function or variable may be unsafe. Consider using sscanf_s instead. To disable deprecation, use _CRT_SECURE_NO_WARNINGS. See online help for details.
                 c:\Program Files (x86)\Microsoft Visual Studio 10.0\VC\include\stdio.h(325) : vea la declaración de 'sscanf'
     1>arViewerCapi_openvrml-0.14.3.cpp(161): warning C4996: 'sscanf': This function or variable may be unsafe. Consider using sscanf_s instead. To disable deprecation, use _CRT_SECURE_NO_WARNINGS. See online help for details.
                 c:\Program Files (x86)\Microsoft Visual Studio 10.0\VC\include\stdio.h(325) : vea la declaración de 'sscanf'
         Generando código...
     1>C:\Program Files (x86)\MSBuild\Microsoft.Cpp\v4.0\Microsoft.CppBuild.targets(1151,5): warning MSB8012: TargetPath(C:\Program Files\ARToolKit\lib\SRC\ARvrml\Release\libarvrml.lib) no coincide con el valor de la propiedad OutputFile de Library (C:\Program Files\ARToolKit\lib\libarvrml.lib). Esto puede hacer que el proyecto no se compile correctamente. Para solucionar este problema, asegúrese de que los valores de propiedad $(OutDir), $(TargetName) y $(TargetExt) coinciden con el valor especificado en %(Lib.OutputFile).
       Lib:
         c:\Program Files (x86)\Microsoft Visual Studio 10.0\VC\bin\Lib.exe /OUT:"C:\Program Files\ARToolKit\lib\SRC\ARvrml\..\..\libarvrml.lib" /NOLOGO "Release\arViewer_openvrml-0.14.3.obj"
         "Release\arViewerCapi_openvrml-0.14.3.obj"
         libarvrml.vcxproj -> C:\Program Files\ARToolKit\lib\SRC\ARvrml\Release\libarvrml.lib
       FinalizeBuildStatus:
         Se eliminará el archivo "Release\libarvrml.unsuccessfulbuild".
         Aplicando tarea Touch a "Release\libarvrml.lastbuildstate".
     1>Compilación del proyecto terminada "C:\Program Files\ARToolKit\lib\SRC\ARvrml\libarvrml.vcxproj" (build destinos).

Compilación correcta.

Tiempo transcurrido 00:00:08.96
