Compilación iniciada a las 15-01-2015 01:24:57 p.m..
     1>Proyecto "C:\Program Files\ARToolKit\examples\paddleDemo\paddleDemo.vcxproj" en el nodo 3 (build destinos).
     1>InitializeBuildStatus:
         Se creará "Release\paddleDemo.unsuccessfulbuild" porque se especificó "AlwaysCreate".
       ClCompile:
         Todas las salidas están actualizadas.
     1>C:\Program Files (x86)\MSBuild\Microsoft.Cpp\v4.0\Microsoft.CppBuild.targets(990,5): warning MSB8012: TargetPath(C:\Program Files\ARToolKit\examples\paddleDemo\Release\paddleDemo.exe) no coincide con el valor de la propiedad OutputFile de Linker (C:\Program Files\ARToolKit\bin\paddleDemo.exe). Esto puede hacer que el proyecto no se compile correctamente. Para solucionar este problema, asegúrese de que los valores de propiedad $(OutDir), $(TargetName) y $(TargetExt) coinciden con el valor especificado en %(Link.OutputFile).
       Link:
         c:\Program Files (x86)\Microsoft Visual Studio 10.0\VC\bin\link.exe /ERRORREPORT:PROMPT /OUT:"C:\Program Files\ARToolKit\examples\paddleDemo\..\..\bin\paddleDemo.exe" /NOLOGO /LIBPATH:"C:\Program Files\ARToolKit\examples\paddleDemo\..\..\lib" libAR.lib libARMulti.lib libARgsub.lib libARvideo.lib opengl32.lib glu32.lib glut32.lib kernel32.lib user32.lib gdi32.lib winspool.lib comdlg32.lib advapi32.lib shell32.lib ole32.lib oleaut32.lib uuid.lib odbc32.lib odbccp32.lib /MANIFEST /ManifestFile:"Release\paddleDemo.exe.intermediate.manifest" /MANIFESTUAC:"level='asInvoker' uiAccess='false'" /PDB:"C:\Program Files\ARToolKit\examples\paddleDemo\Release\paddleDemo.pdb" /LTCG /TLBID:1 /DYNAMICBASE /NXCOMPAT /IMPLIB:"Release\paddleDemo.lib" /MACHINE:X86 Release\paddleDemo.obj
         Release\paddle.obj
         Release\command_sub.obj
         Release\util.obj
         Generando código
         Generación de código finalizada
         paddleDemo.vcxproj -> C:\Program Files\ARToolKit\examples\paddleDemo\Release\paddleDemo.exe
       Manifest:
         C:\Program Files (x86)\Microsoft SDKs\Windows\v7.0A\bin\mt.exe /nologo /verbose /outputresource:"C:\Program Files\ARToolKit\examples\paddleDemo\..\..\bin\paddleDemo.exe;#1" /manifest Release\paddleDemo.exe.intermediate.manifest
       FinalizeBuildStatus:
         Se eliminará el archivo "Release\paddleDemo.unsuccessfulbuild".
         Aplicando tarea Touch a "Release\paddleDemo.lastbuildstate".
     1>Compilación del proyecto terminada "C:\Program Files\ARToolKit\examples\paddleDemo\paddleDemo.vcxproj" (build destinos).

Compilación correcta.

Tiempo transcurrido 00:00:03.57
