Compilación iniciada a las 14-01-2015 08:34:26 a.m..
     1>Proyecto "C:\Program Files (x86)\ARToolKit\examples\twoView\twoView.vcxproj" en el nodo 2 (build destinos).
     1>InitializeBuildStatus:
         Se creará "Debug\twoView.unsuccessfulbuild" porque se especificó "AlwaysCreate".
       ClCompile:
         C:\Program Files (x86)\Microsoft Visual Studio 10.0\VC\bin\CL.exe /c /I"C:\Program Files (x86)\ARToolKit\examples\twoView\..\..\include" /Zi /nologo /W3 /WX- /Od /Oy- /D WIN32 /D _DEBUG /Gm- /EHsc /RTC1 /MTd /GS /fp:precise /Zc:wchar_t /Zc:forScope /Fo"Debug\\" /Fd"Debug\vc70.pdb" /FR"Debug\\" /Gd /TC /analyze- /errorReport:prompt twoView.c
         twoView.c
     1>twoView.c(589): warning C4996: 'sprintf': This function or variable may be unsafe. Consider using sprintf_s instead. To disable deprecation, use _CRT_SECURE_NO_WARNINGS. See online help for details.
                 C:\Program Files (x86)\Microsoft Visual Studio 10.0\VC\include\stdio.h(371) : vea la declaración de 'sprintf'
     1>C:\Program Files (x86)\MSBuild\Microsoft.Cpp\v4.0\Microsoft.CppBuild.targets(990,5): warning MSB8012: TargetPath(C:\Program Files (x86)\ARToolKit\examples\twoView\Debug\twoView.exe) no coincide con el valor de la propiedad OutputFile de Linker (C:\Program Files (x86)\ARToolKit\bin\twoViewd.exe). Esto puede hacer que el proyecto no se compile correctamente. Para solucionar este problema, asegúrese de que los valores de propiedad $(OutDir), $(TargetName) y $(TargetExt) coinciden con el valor especificado en %(Link.OutputFile).
     1>C:\Program Files (x86)\MSBuild\Microsoft.Cpp\v4.0\Microsoft.CppBuild.targets(992,5): warning MSB8012: TargetName(twoView) no coincide con el valor de la propiedad OutputFile de Linker (twoViewd). Esto puede hacer que el proyecto no se compile correctamente. Para solucionar este problema, asegúrese de que los valores de propiedad $(OutDir), $(TargetName) y $(TargetExt) coinciden con el valor especificado en %(Link.OutputFile).
       Link:
         C:\Program Files (x86)\Microsoft Visual Studio 10.0\VC\bin\link.exe /ERRORREPORT:PROMPT /OUT:"C:\Program Files (x86)\ARToolKit\examples\twoView\..\..\bin\twoViewd.exe" /NOLOGO /LIBPATH:"C:\Program Files (x86)\ARToolKit\examples\twoView\..\..\lib" libARd.lib libARgsub_lited.lib libARvideod.lib opengl32.lib glu32.lib glut32.lib kernel32.lib user32.lib gdi32.lib winspool.lib comdlg32.lib advapi32.lib shell32.lib ole32.lib oleaut32.lib uuid.lib odbc32.lib odbccp32.lib /MANIFEST /ManifestFile:"Debug\twoView.exe.intermediate.manifest" /MANIFESTUAC:"level='asInvoker' uiAccess='false'" /DEBUG /PDB:"C:\Program Files (x86)\ARToolKit\examples\twoView\Debug\twoView.pdb" /TLBID:1 /DYNAMICBASE /NXCOMPAT /IMPLIB:"Debug\twoView.lib" /MACHINE:X86 Debug\twoView.obj
         "C:\Program Files (x86)\ARToolKit\lib\libARd.lib"
         "C:\Program Files (x86)\ARToolKit\lib\libARgsub_lited.lib"
         "C:\Program Files (x86)\ARToolKit\lib\libARvideod.lib" /DEBUG 
         twoView.vcxproj -> C:\Program Files (x86)\ARToolKit\examples\twoView\Debug\twoView.exe
       Manifest:
         C:\Program Files (x86)\Microsoft SDKs\Windows\v7.0A\bin\mt.exe /nologo /verbose /outputresource:"C:\Program Files (x86)\ARToolKit\examples\twoView\..\..\bin\twoViewd.exe;#1" /manifest Debug\twoView.exe.intermediate.manifest
       BscMake:
         C:\Program Files (x86)\Microsoft Visual Studio 10.0\VC\bin\bscmake.exe /nologo /o"Debug\twoView.bsc" Debug\twoView.sbr
       FinalizeBuildStatus:
         Se eliminará el archivo "Debug\twoView.unsuccessfulbuild".
         Aplicando tarea Touch a "Debug\twoView.lastbuildstate".
     1>Compilación del proyecto terminada "C:\Program Files (x86)\ARToolKit\examples\twoView\twoView.vcxproj" (build destinos).

Compilación correcta.

Tiempo transcurrido 00:00:19.95
