Compilación iniciada a las 14-01-2015 08:32:45 a.m..
     1>Proyecto "C:\Program Files (x86)\ARToolKit\lib\SRC\Gl\libARgsubUtil.vcxproj" en el nodo 5 (build destinos).
     1>InitializeBuildStatus:
         Se creará "Debug\libARgsubUtil.unsuccessfulbuild" porque se especificó "AlwaysCreate".
       ClCompile:
         C:\Program Files (x86)\Microsoft Visual Studio 10.0\VC\bin\CL.exe /c /I"C:\Program Files (x86)\ARToolKit\lib\SRC\Gl\../../../include" /ZI /nologo /W3 /WX- /Od /Oy- /D WIN32 /D _DEBUG /Gm- /EHsc /RTC1 /MTd /GS /fp:precise /Zc:wchar_t /Zc:forScope /Fo"Debug\\" /Fd"Debug\vc100.pdb" /FR"Debug\\" /Gd /TC /analyze- /errorReport:prompt gsubUtil.c
         gsubUtil.c
     1>C:\Program Files (x86)\MSBuild\Microsoft.Cpp\v4.0\Microsoft.CppBuild.targets(1151,5): warning MSB8012: TargetPath(C:\Program Files (x86)\ARToolKit\lib\SRC\Gl\Debug\libARgsubUtil.lib) no coincide con el valor de la propiedad OutputFile de Library (C:\Program Files (x86)\ARToolKit\lib\libARgsubUtild.lib). Esto puede hacer que el proyecto no se compile correctamente. Para solucionar este problema, asegúrese de que los valores de propiedad $(OutDir), $(TargetName) y $(TargetExt) coinciden con el valor especificado en %(Lib.OutputFile).
     1>C:\Program Files (x86)\MSBuild\Microsoft.Cpp\v4.0\Microsoft.CppBuild.targets(1153,5): warning MSB8012: TargetName(libARgsubUtil) no coincide con el valor de la propiedad OutputFile de Library (libARgsubUtild). Esto puede hacer que el proyecto no se compile correctamente. Para solucionar este problema, asegúrese de que los valores de propiedad $(OutDir), $(TargetName) y $(TargetExt) coinciden con el valor especificado en %(Lib.OutputFile).
       Lib:
         C:\Program Files (x86)\Microsoft Visual Studio 10.0\VC\bin\Lib.exe /OUT:"C:\Program Files (x86)\ARToolKit\lib\SRC\Gl\..\..\libARgsubUtild.lib" /NOLOGO Debug\gsubUtil.obj
         libARgsubUtil.vcxproj -> C:\Program Files (x86)\ARToolKit\lib\SRC\Gl\Debug\libARgsubUtil.lib
       BscMake:
         C:\Program Files (x86)\Microsoft Visual Studio 10.0\VC\bin\bscmake.exe /nologo /o"Debug\libARgsubUtil.bsc" Debug\gsubUtil.sbr
       FinalizeBuildStatus:
         Se eliminará el archivo "Debug\libARgsubUtil.unsuccessfulbuild".
         Aplicando tarea Touch a "Debug\libARgsubUtil.lastbuildstate".
     1>Compilación del proyecto terminada "C:\Program Files (x86)\ARToolKit\lib\SRC\Gl\libARgsubUtil.vcxproj" (build destinos).

Compilación correcta.

Tiempo transcurrido 00:00:13.14
