Compilación iniciada a las 14-01-2015 08:33:31 a.m..
     1>Proyecto "C:\Program Files (x86)\ARToolKit\util\mk_patt\mk_patt.vcxproj" en el nodo 4 (build destinos).
     1>InitializeBuildStatus:
         Se creará "Debug\mk_patt.unsuccessfulbuild" porque se especificó "AlwaysCreate".
       ClCompile:
         C:\Program Files (x86)\Microsoft Visual Studio 10.0\VC\bin\CL.exe /c /I"C:\Program Files (x86)\ARToolKit\util\mk_patt\..\..\include" /Zi /nologo /W3 /WX- /Od /Oy- /D WIN32 /D _DEBUG /Gm- /EHsc /RTC1 /MTd /GS /fp:precise /Zc:wchar_t /Zc:forScope /Fo"Debug\\" /Fd"Debug\vc100.pdb" /FR"Debug\\" /Gd /TC /analyze- /errorReport:prompt mk_patt.c
         mk_patt.c
     1>mk_patt.c(131): warning C4996: 'sscanf': This function or variable may be unsafe. Consider using sscanf_s instead. To disable deprecation, use _CRT_SECURE_NO_WARNINGS. See online help for details.
                 C:\Program Files (x86)\Microsoft Visual Studio 10.0\VC\include\stdio.h(325) : vea la declaración de 'sscanf'
     1>mk_patt.c(132): warning C4996: 'strcpy': This function or variable may be unsafe. Consider using strcpy_s instead. To disable deprecation, use _CRT_SECURE_NO_WARNINGS. See online help for details.
                 C:\Program Files (x86)\Microsoft Visual Studio 10.0\VC\include\string.h(105) : vea la declaración de 'strcpy'
     1>mk_patt.c(186): warning C4996: 'scanf': This function or variable may be unsafe. Consider using scanf_s instead. To disable deprecation, use _CRT_SECURE_NO_WARNINGS. See online help for details.
                 C:\Program Files (x86)\Microsoft Visual Studio 10.0\VC\include\stdio.h(304) : vea la declaración de 'scanf'
     1>mk_patt.c(213): warning C4996: 'scanf': This function or variable may be unsafe. Consider using scanf_s instead. To disable deprecation, use _CRT_SECURE_NO_WARNINGS. See online help for details.
                 C:\Program Files (x86)\Microsoft Visual Studio 10.0\VC\include\stdio.h(304) : vea la declaración de 'scanf'
     1>mk_patt.c(218): warning C4996: 'sscanf': This function or variable may be unsafe. Consider using sscanf_s instead. To disable deprecation, use _CRT_SECURE_NO_WARNINGS. See online help for details.
                 C:\Program Files (x86)\Microsoft Visual Studio 10.0\VC\include\stdio.h(325) : vea la declaración de 'sscanf'
     1>C:\Program Files (x86)\MSBuild\Microsoft.Cpp\v4.0\Microsoft.CppBuild.targets(990,5): warning MSB8012: TargetPath(C:\Program Files (x86)\ARToolKit\util\mk_patt\Debug\mk_patt.exe) no coincide con el valor de la propiedad OutputFile de Linker (C:\Program Files (x86)\ARToolKit\bin\mk_pattd.exe). Esto puede hacer que el proyecto no se compile correctamente. Para solucionar este problema, asegúrese de que los valores de propiedad $(OutDir), $(TargetName) y $(TargetExt) coinciden con el valor especificado en %(Link.OutputFile).
     1>C:\Program Files (x86)\MSBuild\Microsoft.Cpp\v4.0\Microsoft.CppBuild.targets(992,5): warning MSB8012: TargetName(mk_patt) no coincide con el valor de la propiedad OutputFile de Linker (mk_pattd). Esto puede hacer que el proyecto no se compile correctamente. Para solucionar este problema, asegúrese de que los valores de propiedad $(OutDir), $(TargetName) y $(TargetExt) coinciden con el valor especificado en %(Link.OutputFile).
       Link:
         C:\Program Files (x86)\Microsoft Visual Studio 10.0\VC\bin\link.exe /ERRORREPORT:PROMPT /OUT:"C:\Program Files (x86)\ARToolKit\util\mk_patt\..\..\bin\mk_pattd.exe" /NOLOGO /LIBPATH:"C:\Program Files (x86)\ARToolKit\util\mk_patt\..\..\lib" libARd.lib libARgsub_lited.lib libARvideod.lib kernel32.lib user32.lib gdi32.lib winspool.lib comdlg32.lib advapi32.lib shell32.lib ole32.lib oleaut32.lib uuid.lib odbc32.lib odbccp32.lib /MANIFEST /ManifestFile:"Debug\mk_patt.exe.intermediate.manifest" /MANIFESTUAC:"level='asInvoker' uiAccess='false'" /DEBUG /PDB:"C:\Program Files (x86)\ARToolKit\util\mk_patt\Debug\mk_patt.pdb" /TLBID:1 /DYNAMICBASE /NXCOMPAT /IMPLIB:"Debug\mk_patt.lib" /MACHINE:X86 Debug\mk_patt.obj
         "C:\Program Files (x86)\ARToolKit\lib\libARd.lib"
         "C:\Program Files (x86)\ARToolKit\lib\libARgsub_lited.lib"
         "C:\Program Files (x86)\ARToolKit\lib\libARvideod.lib" /DEBUG 
         mk_patt.vcxproj -> C:\Program Files (x86)\ARToolKit\util\mk_patt\Debug\mk_patt.exe
       Manifest:
         C:\Program Files (x86)\Microsoft SDKs\Windows\v7.0A\bin\mt.exe /nologo /verbose /outputresource:"C:\Program Files (x86)\ARToolKit\util\mk_patt\..\..\bin\mk_pattd.exe;#1" /manifest Debug\mk_patt.exe.intermediate.manifest
       BscMake:
         C:\Program Files (x86)\Microsoft Visual Studio 10.0\VC\bin\bscmake.exe /nologo /o"Debug\mk_patt.bsc" Debug\mk_patt.sbr
       FinalizeBuildStatus:
         Se eliminará el archivo "Debug\mk_patt.unsuccessfulbuild".
         Aplicando tarea Touch a "Debug\mk_patt.lastbuildstate".
     1>Compilación del proyecto terminada "C:\Program Files (x86)\ARToolKit\util\mk_patt\mk_patt.vcxproj" (build destinos).

Compilación correcta.

Tiempo transcurrido 00:00:20.18
