Compilación iniciada a las 15-01-2015 01:23:34 p.m..
     1>Proyecto "C:\Program Files\ARToolKit\examples\loadMultiple\loadMultiple.vcxproj" en el nodo 3 (build destinos).
     1>InitializeBuildStatus:
         Se creará "Release\loadMultiple.unsuccessfulbuild" porque se especificó "AlwaysCreate".
       ClCompile:
         c:\Program Files (x86)\Microsoft Visual Studio 10.0\VC\bin\CL.exe /c /I"C:\Program Files\ARToolKit\examples\loadMultiple\..\..\include" /Zi /nologo /W1 /WX- /O2 /Ob1 /Ot /Oy- /GL /D WIN32 /D NDEBUG /Gm- /EHsc /MT /GS /fp:precise /Zc:wchar_t /Zc:forScope /Fo"Release\\" /Fd"Release\vc100.pdb" /Gd /TC /analyze- /errorReport:prompt loadMultiple.c object.c
         loadMultiple.c
         object.c
     1>C:\Program Files (x86)\MSBuild\Microsoft.Cpp\v4.0\Microsoft.CppBuild.targets(990,5): warning MSB8012: TargetPath(C:\Program Files\ARToolKit\examples\loadMultiple\Release\loadMultiple.exe) no coincide con el valor de la propiedad OutputFile de Linker (C:\Program Files\ARToolKit\bin\loadMultiple.exe). Esto puede hacer que el proyecto no se compile correctamente. Para solucionar este problema, asegúrese de que los valores de propiedad $(OutDir), $(TargetName) y $(TargetExt) coinciden con el valor especificado en %(Link.OutputFile).
       Link:
         c:\Program Files (x86)\Microsoft Visual Studio 10.0\VC\bin\link.exe /ERRORREPORT:PROMPT /OUT:"C:\Program Files\ARToolKit\examples\loadMultiple\..\..\bin\loadMultiple.exe" /NOLOGO /LIBPATH:"C:\Program Files\ARToolKit\examples\loadMultiple\..\..\lib" libAR.lib libARgsub.lib libARvideo.lib opengl32.lib glu32.lib glut32.lib kernel32.lib user32.lib gdi32.lib winspool.lib comdlg32.lib advapi32.lib shell32.lib ole32.lib oleaut32.lib uuid.lib odbc32.lib odbccp32.lib /MANIFEST /ManifestFile:"Release\loadMultiple.exe.intermediate.manifest" /MANIFESTUAC:"level='asInvoker' uiAccess='false'" /PDB:"C:\Program Files\ARToolKit\examples\loadMultiple\Release\loadMultiple.pdb" /LTCG /TLBID:1 /DYNAMICBASE /NXCOMPAT /IMPLIB:"Release\loadMultiple.lib" /MACHINE:X86 Release\loadMultiple.obj
         Release\object.obj
         Generando código
         Generación de código finalizada
         loadMultiple.vcxproj -> C:\Program Files\ARToolKit\examples\loadMultiple\Release\loadMultiple.exe
       Manifest:
         C:\Program Files (x86)\Microsoft SDKs\Windows\v7.0A\bin\mt.exe /nologo /verbose /outputresource:"C:\Program Files\ARToolKit\examples\loadMultiple\..\..\bin\loadMultiple.exe;#1" /manifest Release\loadMultiple.exe.intermediate.manifest
       FinalizeBuildStatus:
         Se eliminará el archivo "Release\loadMultiple.unsuccessfulbuild".
         Aplicando tarea Touch a "Release\loadMultiple.lastbuildstate".
     1>Compilación del proyecto terminada "C:\Program Files\ARToolKit\examples\loadMultiple\loadMultiple.vcxproj" (build destinos).

Compilación correcta.

Tiempo transcurrido 00:00:04.64
