Compilación iniciada a las 14-01-2015 08:33:51 a.m..
     1>Proyecto "C:\Program Files (x86)\ARToolKit\util\calib_camera2\calib_camera2.vcxproj" en el nodo 5 (build destinos).
     1>InitializeBuildStatus:
         Se creará "Debug\calib_camera2.unsuccessfulbuild" porque se especificó "AlwaysCreate".
       ClCompile:
         C:\Program Files (x86)\Microsoft Visual Studio 10.0\VC\bin\CL.exe /c /I"C:\Program Files (x86)\ARToolKit\util\calib_camera2\..\..\include" /Zi /nologo /W3 /WX- /Od /Oy- /D WIN32 /D _DEBUG /Gm- /EHsc /RTC1 /MTd /GS /fp:precise /Zc:wchar_t /Zc:forScope /Fo"Debug\\" /Fd"Debug\vc100.pdb" /FR"Debug\\" /Gd /TC /analyze- /errorReport:prompt calib_dist.c calib_inp.c main.c
         calib_dist.c
         calib_inp.c
         main.c
     1>main.c(180): warning C4996: 'scanf': This function or variable may be unsafe. Consider using scanf_s instead. To disable deprecation, use _CRT_SECURE_NO_WARNINGS. See online help for details.
                 C:\Program Files (x86)\Microsoft Visual Studio 10.0\VC\include\stdio.h(304) : vea la declaración de 'scanf'
     1>main.c(192): warning C4996: 'strcpy': This function or variable may be unsafe. Consider using strcpy_s instead. To disable deprecation, use _CRT_SECURE_NO_WARNINGS. See online help for details.
                 C:\Program Files (x86)\Microsoft Visual Studio 10.0\VC\include\string.h(105) : vea la declaración de 'strcpy'
     1>main.c(194): warning C4996: 'strcat': This function or variable may be unsafe. Consider using strcat_s instead. To disable deprecation, use _CRT_SECURE_NO_WARNINGS. See online help for details.
                 C:\Program Files (x86)\Microsoft Visual Studio 10.0\VC\include\string.h(110) : vea la declaración de 'strcat'
     1>main.c(195): warning C4996: 'strcat': This function or variable may be unsafe. Consider using strcat_s instead. To disable deprecation, use _CRT_SECURE_NO_WARNINGS. See online help for details.
                 C:\Program Files (x86)\Microsoft Visual Studio 10.0\VC\include\string.h(110) : vea la declaración de 'strcat'
     1>main.c(456): warning C4996: 'scanf': This function or variable may be unsafe. Consider using scanf_s instead. To disable deprecation, use _CRT_SECURE_NO_WARNINGS. See online help for details.
                 C:\Program Files (x86)\Microsoft Visual Studio 10.0\VC\include\stdio.h(304) : vea la declaración de 'scanf'
     1>main.c(794): warning C4996: 'scanf': This function or variable may be unsafe. Consider using scanf_s instead. To disable deprecation, use _CRT_SECURE_NO_WARNINGS. See online help for details.
                 C:\Program Files (x86)\Microsoft Visual Studio 10.0\VC\include\stdio.h(304) : vea la declaración de 'scanf'
         Generando código...
     1>C:\Program Files (x86)\MSBuild\Microsoft.Cpp\v4.0\Microsoft.CppBuild.targets(990,5): warning MSB8012: TargetPath(C:\Program Files (x86)\ARToolKit\util\calib_camera2\Debug\calib_camera2.exe) no coincide con el valor de la propiedad OutputFile de Linker (C:\Program Files (x86)\ARToolKit\bin\calib_camera2d.exe). Esto puede hacer que el proyecto no se compile correctamente. Para solucionar este problema, asegúrese de que los valores de propiedad $(OutDir), $(TargetName) y $(TargetExt) coinciden con el valor especificado en %(Link.OutputFile).
     1>C:\Program Files (x86)\MSBuild\Microsoft.Cpp\v4.0\Microsoft.CppBuild.targets(992,5): warning MSB8012: TargetName(calib_camera2) no coincide con el valor de la propiedad OutputFile de Linker (calib_camera2d). Esto puede hacer que el proyecto no se compile correctamente. Para solucionar este problema, asegúrese de que los valores de propiedad $(OutDir), $(TargetName) y $(TargetExt) coinciden con el valor especificado en %(Link.OutputFile).
       Link:
         C:\Program Files (x86)\Microsoft Visual Studio 10.0\VC\bin\link.exe /ERRORREPORT:PROMPT /OUT:"C:\Program Files (x86)\ARToolKit\util\calib_camera2\..\..\bin\calib_camera2d.exe" /NOLOGO /LIBPATH:"C:\Program Files (x86)\ARToolKit\util\calib_camera2\..\..\lib" libARd.lib libARgsub_lited.lib libARvideod.lib kernel32.lib user32.lib gdi32.lib winspool.lib comdlg32.lib advapi32.lib shell32.lib ole32.lib oleaut32.lib uuid.lib odbc32.lib odbccp32.lib /MANIFEST /ManifestFile:"Debug\calib_camera2.exe.intermediate.manifest" /MANIFESTUAC:"level='asInvoker' uiAccess='false'" /DEBUG /PDB:"C:\Program Files (x86)\ARToolKit\util\calib_camera2\Debug\calib_camera2.pdb" /TLBID:1 /DYNAMICBASE /NXCOMPAT /IMPLIB:"Debug\calib_camera2.lib" /MACHINE:X86 Debug\calib_dist.obj
         Debug\calib_inp.obj
         Debug\main.obj
         "C:\Program Files (x86)\ARToolKit\lib\libARd.lib"
         "C:\Program Files (x86)\ARToolKit\lib\libARgsub_lited.lib"
         "C:\Program Files (x86)\ARToolKit\lib\libARvideod.lib" /DEBUG 
         calib_camera2.vcxproj -> C:\Program Files (x86)\ARToolKit\util\calib_camera2\Debug\calib_camera2.exe
       Manifest:
         C:\Program Files (x86)\Microsoft SDKs\Windows\v7.0A\bin\mt.exe /nologo /verbose /outputresource:"C:\Program Files (x86)\ARToolKit\util\calib_camera2\..\..\bin\calib_camera2d.exe;#1" /manifest Debug\calib_camera2.exe.intermediate.manifest
       BscMake:
         C:\Program Files (x86)\Microsoft Visual Studio 10.0\VC\bin\bscmake.exe /nologo /o"Debug\calib_camera2.bsc" Debug\calib_dist.sbr Debug\calib_inp.sbr Debug\main.sbr
       FinalizeBuildStatus:
         Se eliminará el archivo "Debug\calib_camera2.unsuccessfulbuild".
         Aplicando tarea Touch a "Debug\calib_camera2.lastbuildstate".
     1>Compilación del proyecto terminada "C:\Program Files (x86)\ARToolKit\util\calib_camera2\calib_camera2.vcxproj" (build destinos).

Compilación correcta.

Tiempo transcurrido 00:00:21.57
