Compilación iniciada a las 15-01-2015 01:23:23 p.m..
     1>Proyecto "C:\Program Files\ARToolKit\lib\SRC\VideoWin32DirectShow\libARvideo.vcxproj" en el nodo 5 (build destinos).
     1>InitializeBuildStatus:
         Se creará "Release\libARvideo.unsuccessfulbuild" porque se especificó "AlwaysCreate".
       ClCompile:
         c:\Program Files (x86)\Microsoft Visual Studio 10.0\VC\bin\CL.exe /c /I"C:\Program Files\ARToolKit\lib\SRC\VideoWin32DirectShow\..\..\..\include" /I"C:\Program Files\ARToolKit\lib\SRC\VideoWin32DirectShow\..\..\..\DSVL\src" /Zi /nologo /W1 /WX- /O2 /Ob1 /Ot /Oy- /D WIN32 /D NDEBUG /D _WINDOWS /D _USRDLL /D LIBARVIDEO_EXPORTS /D _WINDLL /Gm- /EHsc /MD /GS /fp:precise /Zc:wchar_t /Zc:forScope /Fo"Release\\" /Fd"Release\vc100.pdb" /Gd /TP /analyze- /errorReport:prompt videoWin32DirectShow.cpp
         videoWin32DirectShow.cpp
     1>C:\Program Files (x86)\MSBuild\Microsoft.Cpp\v4.0\Microsoft.CppBuild.targets(990,5): warning MSB8012: TargetPath(C:\Program Files\ARToolKit\lib\SRC\VideoWin32DirectShow\Release\libARvideo.dll) no coincide con el valor de la propiedad OutputFile de Linker (C:\Program Files\ARToolKit\bin\libARvideo.dll). Esto puede hacer que el proyecto no se compile correctamente. Para solucionar este problema, asegúrese de que los valores de propiedad $(OutDir), $(TargetName) y $(TargetExt) coinciden con el valor especificado en %(Link.OutputFile).
       Link:
         c:\Program Files (x86)\Microsoft Visual Studio 10.0\VC\bin\link.exe /ERRORREPORT:PROMPT /OUT:"C:\Program Files\ARToolKit\lib\SRC\VideoWin32DirectShow\..\..\..\bin\libARvideo.dll" /NOLOGO /LIBPATH:"C:\Program Files\ARToolKit\lib\SRC\VideoWin32DirectShow\..\..\..\DSVL\lib\\" DSVL.lib comsupp.lib kernel32.lib user32.lib gdi32.lib winspool.lib comdlg32.lib advapi32.lib shell32.lib ole32.lib oleaut32.lib uuid.lib odbc32.lib odbccp32.lib /MANIFEST /ManifestFile:"Release\libARvideo.dll.intermediate.manifest" /MANIFESTUAC:"level='asInvoker' uiAccess='false'" /PDB:"C:\Program Files\ARToolKit\lib\SRC\VideoWin32DirectShow\Release\libARvideo.pdb" /TLBID:1 /DYNAMICBASE /NXCOMPAT /IMPLIB:"C:\Program Files\ARToolKit\lib\SRC\VideoWin32DirectShow\..\..\libARvideo.lib" /MACHINE:X86 /DLL Release\videoWin32DirectShow.obj
            Creando biblioteca C:\Program Files\ARToolKit\lib\SRC\VideoWin32DirectShow\..\..\libARvideo.lib y objeto C:\Program Files\ARToolKit\lib\SRC\VideoWin32DirectShow\..\..\libARvideo.exp
         libARvideo.vcxproj -> C:\Program Files\ARToolKit\lib\SRC\VideoWin32DirectShow\Release\libARvideo.dll
       Manifest:
         C:\Program Files (x86)\Microsoft SDKs\Windows\v7.0A\bin\mt.exe /nologo /verbose /outputresource:"C:\Program Files\ARToolKit\lib\SRC\VideoWin32DirectShow\..\..\..\bin\libARvideo.dll;#2" /manifest Release\libARvideo.dll.intermediate.manifest
       FinalizeBuildStatus:
         Se eliminará el archivo "Release\libARvideo.unsuccessfulbuild".
         Aplicando tarea Touch a "Release\libARvideo.lastbuildstate".
     1>Compilación del proyecto terminada "C:\Program Files\ARToolKit\lib\SRC\VideoWin32DirectShow\libARvideo.vcxproj" (build destinos).

Compilación correcta.

Tiempo transcurrido 00:00:06.53
