Compilación iniciada a las 14-01-2015 09:36:21 a.m..
     1>Proyecto "C:\Program Files (x86)\ARToolKit\examples\simpleLite\simpleLite.vcxproj" en el nodo 2 (rebuild destinos).
     1>_PrepareForClean:
         Se eliminará el archivo "Debug\simpleLite.lastbuildstate".
       InitializeBuildStatus:
         Se creará "Debug\simpleLite.unsuccessfulbuild" porque se especificó "AlwaysCreate".
       ClCompile:
         c:\Program Files (x86)\Microsoft Visual Studio 10.0\VC\bin\CL.exe /c /I"C:\Program Files (x86)\ARToolKit\examples\simpleLite\..\..\include" /Zi /nologo /W3 /WX- /Od /Oy- /D WIN32 /D _DEBUG /D _WINDOWS /Gm- /EHsc /RTC1 /MTd /GS /fp:precise /Zc:wchar_t /Zc:forScope /Fo"Debug\\" /Fd"Debug\vc100.pdb" /FR"Debug\\" /Gd /TC /analyze- /errorReport:prompt simpleLite.c
         simpleLite.c
     1>simpleLite.c(463): warning C4996: 'sprintf': This function or variable may be unsafe. Consider using sprintf_s instead. To disable deprecation, use _CRT_SECURE_NO_WARNINGS. See online help for details.
                 c:\Program Files (x86)\Microsoft Visual Studio 10.0\VC\include\stdio.h(371) : vea la declaración de 'sprintf'
     1>simpleLite.c(464): warning C4996: 'sprintf': This function or variable may be unsafe. Consider using sprintf_s instead. To disable deprecation, use _CRT_SECURE_NO_WARNINGS. See online help for details.
                 c:\Program Files (x86)\Microsoft Visual Studio 10.0\VC\include\stdio.h(371) : vea la declaración de 'sprintf'
       Link:
         c:\Program Files (x86)\Microsoft Visual Studio 10.0\VC\bin\link.exe /ERRORREPORT:PROMPT /OUT:"Debug\simpleLite.exe" /NOLOGO /LIBPATH:"C:\Program Files (x86)\ARToolKit\examples\simpleLite\..\..\lib" libARd.lib libARgsub_lited.lib libARvideod.lib opengl32.lib glu32.lib glut32.lib kernel32.lib user32.lib gdi32.lib winspool.lib comdlg32.lib advapi32.lib shell32.lib ole32.lib oleaut32.lib uuid.lib odbc32.lib odbccp32.lib /MANIFEST /ManifestFile:"Debug\simpleLite.exe.intermediate.manifest" /MANIFESTUAC:"level='asInvoker' uiAccess='false'" /DEBUG /PDB:"C:\Program Files (x86)\ARToolKit\examples\simpleLite\Debug\simpleLite.pdb" /TLBID:1 /DYNAMICBASE /NXCOMPAT /IMPLIB:"Debug\simpleLite.lib" Debug\simpleLite.obj
         simpleLite.vcxproj -> C:\Program Files (x86)\ARToolKit\examples\simpleLite\Debug\simpleLite.exe
       Manifest:
         C:\Program Files (x86)\Microsoft SDKs\Windows\v7.0A\bin\mt.exe /nologo /verbose /outputresource:"Debug\simpleLite.exe;#1" /manifest Debug\simpleLite.exe.intermediate.manifest
       BscMake:
         c:\Program Files (x86)\Microsoft Visual Studio 10.0\VC\bin\bscmake.exe /nologo /o"Debug\simpleLite.bsc" Debug\simpleLite.sbr
       FinalizeBuildStatus:
         Se eliminará el archivo "Debug\simpleLite.unsuccessfulbuild".
         Aplicando tarea Touch a "Debug\simpleLite.lastbuildstate".
     1>Compilación del proyecto terminada "C:\Program Files (x86)\ARToolKit\examples\simpleLite\simpleLite.vcxproj" (rebuild destinos).

Compilación correcta.

Tiempo transcurrido 00:00:07.45
