C:\PROGRAM FILES (X86)\ARTOOLKIT\BIN\SIMPLELITED.EXE
C:\Program Files (x86)\ARToolKit\examples\simpleLite\Debug\BscMake.command.1.tlog
C:\Program Files (x86)\ARToolKit\examples\simpleLite\Debug\bscmake.read.1.tlog
C:\Program Files (x86)\ARToolKit\examples\simpleLite\Debug\bscmake.write.1.tlog
C:\Program Files (x86)\ARToolKit\examples\simpleLite\Debug\cl.command.1.tlog
C:\Program Files (x86)\ARToolKit\examples\simpleLite\Debug\CL.read.1.tlog
C:\Program Files (x86)\ARToolKit\examples\simpleLite\Debug\CL.write.1.tlog
C:\Program Files (x86)\ARToolKit\examples\simpleLite\Debug\link.command.1.tlog
C:\Program Files (x86)\ARToolKit\examples\simpleLite\Debug\link.read.1.tlog
C:\Program Files (x86)\ARToolKit\examples\simpleLite\Debug\link.write.1.tlog
C:\Program Files (x86)\ARToolKit\examples\simpleLite\Debug\mt.command.1.tlog
C:\Program Files (x86)\ARToolKit\examples\simpleLite\Debug\mt.read.1.tlog
C:\Program Files (x86)\ARToolKit\examples\simpleLite\Debug\mt.write.1.tlog
C:\PROGRAM FILES (X86)\ARTOOLKIT\EXAMPLES\SIMPLELITE\DEBUG\SIMPLELITE.BSC
C:\PROGRAM FILES (X86)\ARTOOLKIT\EXAMPLES\SIMPLELITE\DEBUG\SIMPLELITE.EXE
C:\PROGRAM FILES (X86)\ARTOOLKIT\EXAMPLES\SIMPLELITE\DEBUG\SIMPLELITE.EXE.INTERMEDIATE.MANIFEST
C:\PROGRAM FILES (X86)\ARTOOLKIT\EXAMPLES\SIMPLELITE\DEBUG\SIMPLELITE.ILK
C:\PROGRAM FILES (X86)\ARTOOLKIT\EXAMPLES\SIMPLELITE\DEBUG\SIMPLELITE.OBJ
C:\PROGRAM FILES (X86)\ARTOOLKIT\EXAMPLES\SIMPLELITE\DEBUG\SIMPLELITE.PDB
C:\PROGRAM FILES (X86)\ARTOOLKIT\EXAMPLES\SIMPLELITE\DEBUG\SIMPLELITE.SBR
C:\Program Files (x86)\ARToolKit\examples\simpleLite\Debug\simpleLite.vcxprojResolveAssemblyReference.cache
C:\Program Files (x86)\ARToolKit\examples\simpleLite\Debug\simpleLite.write.1.tlog
C:\PROGRAM FILES (X86)\ARTOOLKIT\EXAMPLES\SIMPLELITE\DEBUG\VC100.PDB
Debug\simpleLite.bsc
Debug\simpleLite.ilk
Debug\simpleLite.pdb
