Compilación iniciada a las 14-01-2015 08:32:43 a.m..
     1>Proyecto "C:\Program Files (x86)\ARToolKit\lib\SRC\ARMulti\libARMulti.vcxproj" en el nodo 3 (build destinos).
     1>InitializeBuildStatus:
         Se creará "Debug\libARMulti.unsuccessfulbuild" porque se especificó "AlwaysCreate".
       ClCompile:
         C:\Program Files (x86)\Microsoft Visual Studio 10.0\VC\bin\CL.exe /c /I"C:\Program Files (x86)\ARToolKit\lib\SRC\ARMulti\../../../include" /ZI /nologo /W3 /WX- /Od /Oy- /D WIN32 /D _DEBUG /Gm- /EHsc /RTC1 /MTd /GS /fp:precise /Zc:wchar_t /Zc:forScope /Fo"Debug\\" /Fd"Debug\vc100.pdb" /FR"Debug\\" /Gd /TC /analyze- /errorReport:prompt arMultiActivate.c arMultiGetTransMat.c arMultiReadConfigFile.c
         arMultiActivate.c
         arMultiGetTransMat.c
         arMultiReadConfigFile.c
     1>c:\program files (x86)\artoolkit\lib\src\armulti\armultireadconfigfile.c(30): warning C4996: 'fopen': This function or variable may be unsafe. Consider using fopen_s instead. To disable deprecation, use _CRT_SECURE_NO_WARNINGS. See online help for details.
                 c:\program files (x86)\microsoft visual studio 10.0\vc\include\stdio.h(234) : vea la declaración de 'fopen'
     1>c:\program files (x86)\artoolkit\lib\src\armulti\armultireadconfigfile.c(33): warning C4996: 'sscanf': This function or variable may be unsafe. Consider using sscanf_s instead. To disable deprecation, use _CRT_SECURE_NO_WARNINGS. See online help for details.
                 c:\program files (x86)\microsoft visual studio 10.0\vc\include\stdio.h(325) : vea la declaración de 'sscanf'
     1>c:\program files (x86)\artoolkit\lib\src\armulti\armultireadconfigfile.c(39): warning C4996: 'sscanf': This function or variable may be unsafe. Consider using sscanf_s instead. To disable deprecation, use _CRT_SECURE_NO_WARNINGS. See online help for details.
                 c:\program files (x86)\microsoft visual studio 10.0\vc\include\stdio.h(325) : vea la declaración de 'sscanf'
     1>c:\program files (x86)\artoolkit\lib\src\armulti\armultireadconfigfile.c(47): warning C4996: 'sscanf': This function or variable may be unsafe. Consider using sscanf_s instead. To disable deprecation, use _CRT_SECURE_NO_WARNINGS. See online help for details.
                 c:\program files (x86)\microsoft visual studio 10.0\vc\include\stdio.h(325) : vea la declaración de 'sscanf'
     1>c:\program files (x86)\artoolkit\lib\src\armulti\armultireadconfigfile.c(52): warning C4996: 'sscanf': This function or variable may be unsafe. Consider using sscanf_s instead. To disable deprecation, use _CRT_SECURE_NO_WARNINGS. See online help for details.
                 c:\program files (x86)\microsoft visual studio 10.0\vc\include\stdio.h(325) : vea la declaración de 'sscanf'
     1>c:\program files (x86)\artoolkit\lib\src\armulti\armultireadconfigfile.c(60): warning C4996: 'sscanf': This function or variable may be unsafe. Consider using sscanf_s instead. To disable deprecation, use _CRT_SECURE_NO_WARNINGS. See online help for details.
                 c:\program files (x86)\microsoft visual studio 10.0\vc\include\stdio.h(325) : vea la declaración de 'sscanf'
         Generando código...
     1>C:\Program Files (x86)\MSBuild\Microsoft.Cpp\v4.0\Microsoft.CppBuild.targets(1151,5): warning MSB8012: TargetPath(C:\Program Files (x86)\ARToolKit\lib\SRC\ARMulti\Debug\libARMulti.lib) no coincide con el valor de la propiedad OutputFile de Library (C:\Program Files (x86)\ARToolKit\lib\libARMultid.lib). Esto puede hacer que el proyecto no se compile correctamente. Para solucionar este problema, asegúrese de que los valores de propiedad $(OutDir), $(TargetName) y $(TargetExt) coinciden con el valor especificado en %(Lib.OutputFile).
     1>C:\Program Files (x86)\MSBuild\Microsoft.Cpp\v4.0\Microsoft.CppBuild.targets(1153,5): warning MSB8012: TargetName(libARMulti) no coincide con el valor de la propiedad OutputFile de Library (libARMultid). Esto puede hacer que el proyecto no se compile correctamente. Para solucionar este problema, asegúrese de que los valores de propiedad $(OutDir), $(TargetName) y $(TargetExt) coinciden con el valor especificado en %(Lib.OutputFile).
       Lib:
         C:\Program Files (x86)\Microsoft Visual Studio 10.0\VC\bin\Lib.exe /OUT:"C:\Program Files (x86)\ARToolKit\lib\SRC\ARMulti\..\..\libARMultid.lib" /NOLOGO Debug\arMultiActivate.obj
         Debug\arMultiGetTransMat.obj
         Debug\arMultiReadConfigFile.obj
         libARMulti.vcxproj -> C:\Program Files (x86)\ARToolKit\lib\SRC\ARMulti\Debug\libARMulti.lib
       BscMake:
         C:\Program Files (x86)\Microsoft Visual Studio 10.0\VC\bin\bscmake.exe /nologo /o"Debug\libARMulti.bsc" Debug\arMultiActivate.sbr Debug\arMultiGetTransMat.sbr Debug\arMultiReadConfigFile.sbr
       FinalizeBuildStatus:
         Se eliminará el archivo "Debug\libARMulti.unsuccessfulbuild".
         Aplicando tarea Touch a "Debug\libARMulti.lastbuildstate".
     1>Compilación del proyecto terminada "C:\Program Files (x86)\ARToolKit\lib\SRC\ARMulti\libARMulti.vcxproj" (build destinos).

Compilación correcta.

Tiempo transcurrido 00:00:07.40
