Compilación iniciada a las 15-01-2015 01:25:02 p.m..
     1>Proyecto "C:\Program Files\ARToolKit\util\mk_patt\mk_patt.vcxproj" en el nodo 2 (build destinos).
     1>InitializeBuildStatus:
         Se creará "Release\mk_patt.unsuccessfulbuild" porque se especificó "AlwaysCreate".
       ClCompile:
         Todas las salidas están actualizadas.
     1>C:\Program Files (x86)\MSBuild\Microsoft.Cpp\v4.0\Microsoft.CppBuild.targets(990,5): warning MSB8012: TargetPath(C:\Program Files\ARToolKit\util\mk_patt\Release\mk_patt.exe) no coincide con el valor de la propiedad OutputFile de Linker (C:\Program Files\ARToolKit\bin\mk_patt.exe). Esto puede hacer que el proyecto no se compile correctamente. Para solucionar este problema, asegúrese de que los valores de propiedad $(OutDir), $(TargetName) y $(TargetExt) coinciden con el valor especificado en %(Link.OutputFile).
       Link:
         c:\Program Files (x86)\Microsoft Visual Studio 10.0\VC\bin\link.exe /ERRORREPORT:PROMPT /OUT:"C:\Program Files\ARToolKit\util\mk_patt\..\..\bin\mk_patt.exe" /NOLOGO /LIBPATH:"C:\Program Files\ARToolKit\util\mk_patt\..\..\lib" libAR.lib libARgsub_lite.lib libARvideo.lib kernel32.lib user32.lib gdi32.lib winspool.lib comdlg32.lib advapi32.lib shell32.lib ole32.lib oleaut32.lib uuid.lib odbc32.lib odbccp32.lib /MANIFEST /ManifestFile:"Release\mk_patt.exe.intermediate.manifest" /MANIFESTUAC:"level='asInvoker' uiAccess='false'" /PDB:"C:\Program Files\ARToolKit\util\mk_patt\Release\mk_patt.pdb" /LTCG /TLBID:1 /DYNAMICBASE /NXCOMPAT /IMPLIB:"Release\mk_patt.lib" /MACHINE:X86 Release\mk_patt.obj
         "C:\Program Files\ARToolKit\lib\libAR.lib"
         "C:\Program Files\ARToolKit\lib\libARgsub_lite.lib"
         "C:\Program Files\ARToolKit\lib\libARvideo.lib"
         Generando código
         Generación de código finalizada
         mk_patt.vcxproj -> C:\Program Files\ARToolKit\util\mk_patt\Release\mk_patt.exe
       Manifest:
         C:\Program Files (x86)\Microsoft SDKs\Windows\v7.0A\bin\mt.exe /nologo /verbose /outputresource:"C:\Program Files\ARToolKit\util\mk_patt\..\..\bin\mk_patt.exe;#1" /manifest Release\mk_patt.exe.intermediate.manifest
       FinalizeBuildStatus:
         Se eliminará el archivo "Release\mk_patt.unsuccessfulbuild".
         Aplicando tarea Touch a "Release\mk_patt.lastbuildstate".
     1>Compilación del proyecto terminada "C:\Program Files\ARToolKit\util\mk_patt\mk_patt.vcxproj" (build destinos).

Compilación correcta.

Tiempo transcurrido 00:00:06.05
